2025-07-17 09:57:07,832 - INFO - 开始下载任务: 默认下载任务
2025-07-17 09:57:07,832 - INFO - 股票代码: 00081, 日期范围: 2024-01-01 至 2025-07-17
2025-07-17 09:57:07,932 - INFO - 股票代码 00081 对应的 StockID: 134
2025-07-17 09:57:07,932 - INFO - 搜索URL: https://www1.hkexnews.hk/search/titleSearchServlet.do?sortDir=0&sortByOptions=DateTime&category=0&market=SEHK&stockId=134&documentType=-1&fromDate=20240101&toDate=20250717&title=&searchType=0&t1code=-2&t2Gcode=-2&t2code=-2&rowRange=500&lang=zh
2025-07-17 09:57:08,055 - INFO - 找到 105 个符合条件的公告
2025-07-17 09:57:08,055 - INFO - 创建保存目录: C:/Users/Administrator/Desktop\HKEX\00081
2025-07-17 09:57:08,161 - INFO - 公告分类统计: {'99_其他/其他': 26, '10000_公告及通告/18300_发行可转换证券': 19, '10000_公告及通告/12961_更换提名委员会成员': 1, '10000_公告及通告/12350_更换董事': 16, '10000_公告及通告/14700_股东周年大会结果': 4, '10000_公告及通告/17250_股东抵押股份': 14, '10000_公告及通告/14400_股东周年大会通告': 4, '10000_公告及通告/11200_关连交易': 7, '70000_债券结构性产品/72920_结构性产品发行人财务披露': 3, '10000_公告及通告/13250_股息或分派': 4, '10000_公告及通告/13200_延迟发表业绩公告': 3, '10000_公告及通告/12700_更改公司名称': 1, '10000_公告及通告/16200_须予披露交易': 1, '10000_公告及通告/12951_更换行政总裁': 1, '10000_公告及通告/12957_更换薪酬委员会成员': 1}
2025-07-17 09:57:08,163 - INFO - 创建分类目录: C:/Users/Administrator/Desktop\HKEX\00081\99_其他\其他
2025-07-17 09:57:08,163 - INFO - 正在下载 (1/105) [99_其他/其他]: 二零二五年六月份的未經審核營運數據
2025-07-17 09:57:08,335 - INFO - ✓ 成功下载: 2025-07-04_00081-二零二五年六月份的未經審核營運數據.pdf
2025-07-17 09:57:09,337 - INFO - 创建分类目录: C:/Users/Administrator/Desktop\HKEX\00081\10000_公告及通告\18300_发行可转换证券
2025-07-17 09:57:09,337 - INFO - 正在下载 (2/105) [10000_公告及通告/18300_发行可转换证券]: 截至2025年6月30日止之股份發行人的證券變動月報表
2025-07-17 09:57:09,481 - INFO - ✓ 成功下载: 2025-07-02_00081-截至2025年6月30日止之股份發行人的證券變動月報表.pdf
2025-07-17 09:57:10,482 - INFO - 创建分类目录: C:/Users/Administrator/Desktop\HKEX\00081\10000_公告及通告\12961_更换提名委员会成员
2025-07-17 09:57:10,483 - INFO - 正在下载 (3/105) [10000_公告及通告/12961_更换提名委员会成员]: 提名委員會職權範圍書
2025-07-17 09:57:10,639 - INFO - ✓ 成功下载: 2025-06-27_00081-提名委員會職權範圍書.pdf
2025-07-17 09:57:11,642 - INFO - 创建分类目录: C:/Users/Administrator/Desktop\HKEX\00081\10000_公告及通告\12350_更换董事
2025-07-17 09:57:11,642 - INFO - 正在下载 (4/105) [10000_公告及通告/12350_更换董事]: 董事名單與其角色和職能
2025-07-17 09:57:11,991 - INFO - ✓ 成功下载: 2025-06-27_00081-董事名單與其角色和職能.pdf
2025-07-17 09:57:12,995 - INFO - 正在下载 (5/105) [10000_公告及通告/12350_更换董事]: 委任提名委員會成員
2025-07-17 09:57:13,148 - INFO - ✓ 成功下载: 2025-06-27_00081-委任提名委員會成員.pdf
2025-07-17 09:57:14,153 - INFO - 创建分类目录: C:/Users/Administrator/Desktop\HKEX\00081\10000_公告及通告\14700_股东周年大会结果
2025-07-17 09:57:14,154 - INFO - 正在下载 (6/105) [10000_公告及通告/14700_股东周年大会结果]: 二零二五年六月二十三日舉行的股東大會－投票結果
2025-07-17 09:57:14,329 - INFO - ✓ 成功下载: 2025-06-23_00081-二零二五年六月二十三日舉行的股東大會－投票結果.pdf
2025-07-17 09:57:15,332 - INFO - 正在下载 (7/105) [10000_公告及通告/14700_股东周年大会结果]: 二零二五年六月二十三日舉行的股東週年大會－投票結果
2025-07-17 09:57:15,518 - INFO - ✓ 成功下载: 2025-06-23_00081-二零二五年六月二十三日舉行的股東週年大會－投票結果.pdf
2025-07-17 09:57:16,519 - INFO - 正在下载 (8/105) [99_其他/其他]: 二零二五年五月份的未經審核營運數據
2025-07-17 09:57:16,663 - INFO - ✓ 成功下载: 2025-06-06_00081-二零二五年五月份的未經審核營運數據.pdf
2025-07-17 09:57:17,667 - INFO - 正在下载 (9/105) [10000_公告及通告/18300_发行可转换证券]: 截至2025年5月31日止之股份發行人的證券變動月報表
2025-07-17 09:57:17,813 - INFO - ✓ 成功下载: 2025-06-03_00081-截至2025年5月31日止之股份發行人的證券變動月報表.pdf
2025-07-17 09:57:18,816 - INFO - 创建分类目录: C:/Users/Administrator/Desktop\HKEX\00081\10000_公告及通告\17250_股东抵押股份
2025-07-17 09:57:18,816 - INFO - 正在下载 (10/105) [10000_公告及通告/17250_股东抵押股份]: 致非登記股東之通知信函及回條
2025-07-17 09:57:19,105 - INFO - ✓ 成功下载: 2025-05-29_00081-致非登記股東之通知信函及回條.pdf
2025-07-17 09:57:20,106 - INFO - 正在下载 (11/105) [10000_公告及通告/17250_股东抵押股份]: 致登記股東之通知信函及回條
2025-07-17 09:57:20,396 - INFO - ✓ 成功下载: 2025-05-29_00081-致登記股東之通知信函及回條.pdf
2025-07-17 09:57:21,402 - INFO - 正在下载 (12/105) [99_其他/其他]: 重續承建協議
2025-07-17 09:57:21,458 - INFO - ✓ 成功下载: 2025-05-29_00081-重續承建協議.pdf
2025-07-17 09:57:22,463 - INFO - 正在下载 (13/105) [10000_公告及通告/12350_更换董事]: 代表委任表格
2025-07-17 09:57:22,627 - INFO - ✓ 成功下载: 2025-05-29_00081-代表委任表格.pdf
2025-07-17 09:57:23,631 - INFO - 创建分类目录: C:/Users/Administrator/Desktop\HKEX\00081\10000_公告及通告\14400_股东周年大会通告
2025-07-17 09:57:23,631 - INFO - 正在下载 (14/105) [10000_公告及通告/14400_股东周年大会通告]: 股東大會通告
2025-07-17 09:57:23,785 - INFO - ✓ 成功下载: 2025-05-29_00081-股東大會通告.pdf
2025-07-17 09:57:24,799 - INFO - 创建分类目录: C:/Users/Administrator/Desktop\HKEX\00081\10000_公告及通告\11200_关连交易
2025-07-17 09:57:24,800 - INFO - 正在下载 (15/105) [10000_公告及通告/11200_关连交易]: 與中國建築股份有限公司重續有關建築工程相關服務的現有持續關連交易及股東大會通告
2025-07-17 09:57:25,519 - INFO - ✓ 成功下载: 2025-05-29_00081-與中國建築股份有限公司重續有關建築工程相關服務的現有持續關連交易及股東大會通告.pdf
2025-07-17 09:57:26,520 - INFO - 正在下载 (16/105) [10000_公告及通告/11200_关连交易]: 與中國建築股份有限公司重續有關建築工程相關服務的現有持續關連交易
2025-07-17 09:57:26,676 - INFO - ✓ 成功下载: 2025-05-09_00081-與中國建築股份有限公司重續有關建築工程相關服務的現有持續關連交易.pdf
2025-07-17 09:57:27,679 - INFO - 正在下载 (17/105) [99_其他/其他]: 二零二五年四月份的未經審核營運數據
2025-07-17 09:57:28,089 - INFO - ✓ 成功下载: 2025-05-09_00081-二零二五年四月份的未經審核營運數據.pdf
2025-07-17 09:57:29,095 - INFO - 正在下载 (18/105) [10000_公告及通告/18300_发行可转换证券]: 截至2025年4月30日止之股份發行人的證券變動月報表
2025-07-17 09:57:29,294 - INFO - ✓ 成功下载: 2025-05-06_00081-截至2025年4月30日止之股份發行人的證券變動月報表.pdf
2025-07-17 09:57:30,299 - INFO - 正在下载 (19/105) [10000_公告及通告/17250_股东抵押股份]: 致非登記股東之通知信函及回條
2025-07-17 09:57:30,463 - INFO - ✓ 成功下载: 2025-04-24_00081-致非登記股東之通知信函及回條.pdf
2025-07-17 09:57:31,468 - INFO - 正在下载 (20/105) [10000_公告及通告/17250_股东抵押股份]: 致登記股東之通知信函及回條
2025-07-17 09:57:31,648 - INFO - ✓ 成功下载: 2025-04-24_00081-致登記股東之通知信函及回條.pdf
2025-07-17 09:57:32,651 - INFO - 正在下载 (21/105) [10000_公告及通告/12350_更换董事]: 代表委任表格
2025-07-17 09:57:32,817 - INFO - ✓ 成功下载: 2025-04-24_00081-代表委任表格.pdf
2025-07-17 09:57:33,820 - INFO - 正在下载 (22/105) [10000_公告及通告/14400_股东周年大会通告]: 股東週年大會通告
2025-07-17 09:57:33,976 - INFO - ✓ 成功下载: 2025-04-24_00081-股東週年大會通告.pdf
2025-07-17 09:57:34,978 - INFO - 正在下载 (23/105) [10000_公告及通告/12350_更换董事]: 建議重選退任董事、回購股份及發行股份之一般授權及股東週年大會通告
2025-07-17 09:57:35,167 - INFO - ✓ 成功下载: 2025-04-24_00081-建議重選退任董事、回購股份及發行股份之一般授權及股東週年大會通告.pdf
2025-07-17 09:57:36,169 - INFO - 创建分类目录: C:/Users/Administrator/Desktop\HKEX\00081\70000_债券结构性产品\72920_结构性产品发行人财务披露
2025-07-17 09:57:36,169 - INFO - 正在下载 (24/105) [70000_债券结构性产品/72920_结构性产品发行人财务披露]: 2024環境、社會及管治報告
2025-07-17 09:57:36,615 - INFO - ✓ 成功下载: 2025-04-24_00081-2024環境、社會及管治報告.pdf
2025-07-17 09:57:37,616 - INFO - 正在下载 (25/105) [99_其他/其他]: 二零二四年年報
2025-07-17 09:57:37,975 - INFO - ✓ 成功下载: 2025-04-24_00081-二零二四年年報.pdf
2025-07-17 09:57:38,977 - INFO - 正在下载 (26/105) [99_其他/其他]: 二零二五年第一季度財務及業務回顧
2025-07-17 09:57:39,139 - INFO - ✓ 成功下载: 2025-04-23_00081-二零二五年第一季度財務及業務回顧.pdf
2025-07-17 09:57:40,141 - INFO - 正在下载 (27/105) [99_其他/其他]: 二零二五年三月份的未經審核營運數據
2025-07-17 09:57:40,282 - INFO - ✓ 成功下载: 2025-04-07_00081-二零二五年三月份的未經審核營運數據.pdf
2025-07-17 09:57:41,283 - INFO - 正在下载 (28/105) [10000_公告及通告/12350_更换董事]: 董事局會議召開日期
2025-07-17 09:57:41,485 - INFO - ✓ 成功下载: 2025-04-02_00081-董事局會議召開日期.pdf
2025-07-17 09:57:42,492 - INFO - 正在下载 (29/105) [10000_公告及通告/18300_发行可转换证券]: 截至2025年3月31日止之股份發行人的證券變動月報表
2025-07-17 09:57:42,634 - INFO - ✓ 成功下载: 2025-04-01_00081-截至2025年3月31日止之股份發行人的證券變動月報表.pdf
2025-07-17 09:57:43,636 - INFO - 创建分类目录: C:/Users/Administrator/Desktop\HKEX\00081\10000_公告及通告\13250_股息或分派
2025-07-17 09:57:43,636 - INFO - 正在下载 (30/105) [10000_公告及通告/13250_股息或分派]: 截至二零二四年十二月三十一日止年度之末期股息
2025-07-17 09:57:43,784 - INFO - ✓ 成功下载: 2025-03-26_00081-截至二零二四年十二月三十一日止年度之末期股息.pdf
2025-07-17 09:57:44,788 - INFO - 创建分类目录: C:/Users/Administrator/Desktop\HKEX\00081\10000_公告及通告\13200_延迟发表业绩公告
2025-07-17 09:57:44,788 - INFO - 正在下载 (31/105) [10000_公告及通告/13200_延迟发表业绩公告]: 截至二零二四年十二月三十一日止年度之末期業績公告
2025-07-17 09:57:44,966 - INFO - ✓ 成功下载: 2025-03-26_00081-截至二零二四年十二月三十一日止年度之末期業績公告.pdf
2025-07-17 09:57:46,567 - INFO - 正在下载 (32/105) [99_其他/其他]: 二零二五年二月份的未經審核營運數據
2025-07-17 09:57:46,778 - INFO - ✓ 成功下载: 2025-03-06_00081-二零二五年二月份的未經審核營運數據.pdf
2025-07-17 09:57:47,780 - INFO - 正在下载 (33/105) [10000_公告及通告/12350_更换董事]: 董事局會議召開日期
2025-07-17 09:57:47,959 - INFO - ✓ 成功下载: 2025-03-05_00081-董事局會議召開日期.pdf
2025-07-17 09:57:48,960 - INFO - 正在下载 (34/105) [10000_公告及通告/18300_发行可转换证券]: 截至2025年2月28日止之股份發行人的證券變動月報表
2025-07-17 09:57:49,189 - INFO - ✓ 成功下载: 2025-03-03_00081-截至2025年2月28日止之股份發行人的證券變動月報表.pdf
2025-07-17 09:57:50,191 - INFO - 正在下载 (35/105) [99_其他/其他]: 二零二五年一月份的未經審核營運數據
2025-07-17 09:57:50,333 - INFO - ✓ 成功下载: 2025-02-06_00081-二零二五年一月份的未經審核營運數據.pdf
2025-07-17 09:57:51,334 - INFO - 正在下载 (36/105) [10000_公告及通告/18300_发行可转换证券]: 截至2025年1月31日止之股份發行人的證券變動月報表
2025-07-17 09:57:51,482 - INFO - ✓ 成功下载: 2025-02-03_00081-截至2025年1月31日止之股份發行人的證券變動月報表.pdf
2025-07-17 09:57:52,489 - INFO - 正在下载 (37/105) [99_其他/其他]: 二零二四年十二月份的未經審核營運數據
2025-07-17 09:57:52,659 - INFO - ✓ 成功下载: 2025-01-07_00081-二零二四年十二月份的未經審核營運數據.pdf
2025-07-17 09:57:53,661 - INFO - 正在下载 (38/105) [10000_公告及通告/18300_发行可转换证券]: 截至2024年12月31日止之股份發行人的證券變動月報表
2025-07-17 09:57:53,905 - INFO - ✓ 成功下载: 2025-01-02_00081-截至2024年12月31日止之股份發行人的證券變動月報表.pdf
2025-07-17 09:57:54,909 - INFO - 创建分类目录: C:/Users/Administrator/Desktop\HKEX\00081\10000_公告及通告\12700_更改公司名称
2025-07-17 09:57:54,909 - INFO - 正在下载 (39/105) [10000_公告及通告/12700_更改公司名称]: 更改股份過戶登記處
2025-07-17 09:57:55,066 - INFO - ✓ 成功下载: 2024-12-24_00081-更改股份過戶登記處.pdf
2025-07-17 09:57:56,068 - INFO - 创建分类目录: C:/Users/Administrator/Desktop\HKEX\00081\10000_公告及通告\16200_须予披露交易
2025-07-17 09:57:56,068 - INFO - 正在下载 (40/105) [10000_公告及通告/16200_须予披露交易]: 有關出售及回購作為渤海信托計劃基礎資產之應收賬款之須予披露交易
2025-07-17 09:57:56,285 - INFO - ✓ 成功下载: 2024-12-11_00081-有關出售及回購作為渤海信托計劃基礎資產之應收賬款之須予披露交易.pdf
2025-07-17 09:57:57,289 - INFO - 正在下载 (41/105) [10000_公告及通告/14700_股东周年大会结果]: 二零二四年十二月九日舉行的股東大會－投票結果
2025-07-17 09:57:57,765 - INFO - ✓ 成功下载: 2024-12-09_00081-二零二四年十二月九日舉行的股東大會－投票結果.pdf
2025-07-17 09:57:58,767 - INFO - 正在下载 (42/105) [99_其他/其他]: 二零二四年十一月份的未經審核營運數據
2025-07-17 09:57:58,990 - INFO - ✓ 成功下载: 2024-12-05_00081-二零二四年十一月份的未經審核營運數據.pdf
2025-07-17 09:57:59,991 - INFO - 正在下载 (43/105) [10000_公告及通告/18300_发行可转换证券]: 截至2024年11月30日止之股份發行人的證券變動月報表
2025-07-17 09:58:00,191 - INFO - ✓ 成功下载: 2024-12-02_00081-截至2024年11月30日止之股份發行人的證券變動月報表.pdf
2025-07-17 09:58:01,193 - INFO - 正在下载 (44/105) [10000_公告及通告/17250_股东抵押股份]: 致非登記股東之通知信函及回條
2025-07-17 09:58:01,365 - INFO - ✓ 成功下载: 2024-11-14_00081-致非登記股東之通知信函及回條.pdf
2025-07-17 09:58:02,370 - INFO - 正在下载 (45/105) [10000_公告及通告/17250_股东抵押股份]: 致登記股東之通知信函及回條
2025-07-17 09:58:02,543 - INFO - ✓ 成功下载: 2024-11-14_00081-致登記股東之通知信函及回條.pdf
2025-07-17 09:58:03,547 - INFO - 正在下载 (46/105) [99_其他/其他]: 重續框架協議
2025-07-17 09:58:03,617 - INFO - ✓ 成功下载: 2024-11-14_00081-重續框架協議.pdf
2025-07-17 09:58:04,618 - INFO - 正在下载 (47/105) [10000_公告及通告/12350_更换董事]: 代表委任表格
2025-07-17 09:58:04,883 - INFO - ✓ 成功下载: 2024-11-14_00081-代表委任表格.pdf
2025-07-17 09:58:05,885 - INFO - 正在下载 (48/105) [10000_公告及通告/14400_股东周年大会通告]: 股東大會通告
2025-07-17 09:58:06,247 - INFO - ✓ 成功下载: 2024-11-14_00081-股東大會通告.pdf
2025-07-17 09:58:07,248 - INFO - 正在下载 (49/105) [10000_公告及通告/11200_关连交易]: 與中國海外發展有限公司重續有關材料供應的現有持續關連交易及股東大會通告
2025-07-17 09:58:07,472 - INFO - ✓ 成功下载: 2024-11-14_00081-與中國海外發展有限公司重續有關材料供應的現有持續關連交易及股東大會通告.pdf
2025-07-17 09:58:08,474 - INFO - 正在下载 (50/105) [99_其他/其他]: 二零二四年十月份的未經審核營運數據
2025-07-17 09:58:08,643 - INFO - ✓ 成功下载: 2024-11-06_00081-二零二四年十月份的未經審核營運數據.pdf
2025-07-17 09:58:09,648 - INFO - 正在下载 (51/105) [10000_公告及通告/18300_发行可转换证券]: 截至2024年10月31日止之股份發行人的證券變動月報表
2025-07-17 09:58:09,871 - INFO - ✓ 成功下载: 2024-11-01_00081-截至2024年10月31日止之股份發行人的證券變動月報表.pdf
2025-07-17 09:58:10,877 - INFO - 正在下载 (52/105) [10000_公告及通告/11200_关连交易]: 與中國海外發展有限公司重續有關材料供應的現有持續關連交易
2025-07-17 09:58:11,130 - INFO - ✓ 成功下载: 2024-10-21_00081-與中國海外發展有限公司重續有關材料供應的現有持續關連交易.pdf
2025-07-17 09:58:12,135 - INFO - 正在下载 (53/105) [99_其他/其他]: 二零二四年第三季度財務及業務回顧
2025-07-17 09:58:12,313 - INFO - ✓ 成功下载: 2024-10-21_00081-二零二四年第三季度財務及業務回顧.pdf
2025-07-17 09:58:13,316 - INFO - 正在下载 (54/105) [99_其他/其他]: 二零二四年九月份的未經審核營運數據
2025-07-17 09:58:13,577 - INFO - ✓ 成功下载: 2024-10-10_00081-二零二四年九月份的未經審核營運數據.pdf
2025-07-17 09:58:14,582 - INFO - 正在下载 (55/105) [10000_公告及通告/12350_更换董事]: 董事局會議召開日期
2025-07-17 09:58:14,738 - INFO - ✓ 成功下载: 2024-10-04_00081-董事局會議召開日期.pdf
2025-07-17 09:58:15,740 - INFO - 正在下载 (56/105) [10000_公告及通告/18300_发行可转换证券]: 截至2024年9月30日止之股份發行人的證券變動月報表
2025-07-17 09:58:15,950 - INFO - ✓ 成功下载: 2024-10-02_00081-截至2024年9月30日止之股份發行人的證券變動月報表.pdf
2025-07-17 09:58:16,955 - INFO - 正在下载 (57/105) [10000_公告及通告/17250_股东抵押股份]: 致非登記股東之通知信函及回條
2025-07-17 09:58:17,157 - INFO - ✓ 成功下载: 2024-09-20_00081-致非登記股東之通知信函及回條.pdf
2025-07-17 09:58:18,161 - INFO - 正在下载 (58/105) [10000_公告及通告/17250_股东抵押股份]: 致登記股東之通知信函及回條
2025-07-17 09:58:18,359 - INFO - ✓ 成功下载: 2024-09-20_00081-致登記股東之通知信函及回條.pdf
2025-07-17 09:58:19,362 - INFO - 正在下载 (59/105) [70000_债券结构性产品/72920_结构性产品发行人财务披露]: 2024 中期報告
2025-07-17 09:58:19,642 - INFO - ✓ 成功下载: 2024-09-20_00081-2024 中期報告.pdf
2025-07-17 09:58:20,644 - INFO - 正在下载 (60/105) [99_其他/其他]: 二零二四年八月份的未經審核營運數據
2025-07-17 09:58:20,793 - INFO - ✓ 成功下载: 2024-09-05_00081-二零二四年八月份的未經審核營運數據.pdf
2025-07-17 09:58:21,798 - INFO - 正在下载 (61/105) [10000_公告及通告/18300_发行可转换证券]: 截至2024年8月31日止之股份發行人的證券變動月報表
2025-07-17 09:58:22,070 - INFO - ✓ 成功下载: 2024-09-02_00081-截至2024年8月31日止之股份發行人的證券變動月報表.pdf
2025-07-17 09:58:23,078 - INFO - 正在下载 (62/105) [10000_公告及通告/13250_股息或分派]: 沒收未領取的股息
2025-07-17 09:58:23,242 - INFO - ✓ 成功下载: 2024-08-23_00081-沒收未領取的股息.pdf
2025-07-17 09:58:24,244 - INFO - 正在下载 (63/105) [10000_公告及通告/13250_股息或分派]: 截至二零二四年六月三十日止六個月之中期股息
2025-07-17 09:58:24,426 - INFO - ✓ 成功下载: 2024-08-23_00081-截至二零二四年六月三十日止六個月之中期股息.pdf
2025-07-17 09:58:25,428 - INFO - 正在下载 (64/105) [10000_公告及通告/13200_延迟发表业绩公告]: 截至二零二四年六月三十日止六個月之未經審核中期業績公告
2025-07-17 09:58:25,648 - INFO - ✓ 成功下载: 2024-08-23_00081-截至二零二四年六月三十日止六個月之未經審核中期業績公告.pdf
2025-07-17 09:58:26,649 - INFO - 正在下载 (65/105) [10000_公告及通告/12350_更换董事]: 董事局會議召開日期
2025-07-17 09:58:26,804 - INFO - ✓ 成功下载: 2024-08-07_00081-董事局會議召開日期.pdf
2025-07-17 09:58:27,808 - INFO - 正在下载 (66/105) [10000_公告及通告/18300_发行可转换证券]: 截至2024年7月31日止之股份發行人的證券變動月報表
2025-07-17 09:58:27,974 - INFO - ✓ 成功下载: 2024-08-06_00081-截至2024年7月31日止之股份發行人的證券變動月報表.pdf
2025-07-17 09:58:28,975 - INFO - 正在下载 (67/105) [99_其他/其他]: 二零二四年七月份的未經審核營運數據
2025-07-17 09:58:29,158 - INFO - ✓ 成功下载: 2024-08-06_00081-二零二四年七月份的未經審核營運數據.pdf
2025-07-17 09:58:30,164 - INFO - 正在下载 (68/105) [99_其他/其他]: 二零二四年六月份的未經審核營運數據
2025-07-17 09:58:30,322 - INFO - ✓ 成功下载: 2024-07-05_00081-二零二四年六月份的未經審核營運數據.pdf
2025-07-17 09:58:31,327 - INFO - 正在下载 (69/105) [10000_公告及通告/18300_发行可转换证券]: 截至2024年6月30日止之股份發行人的證券變動月報表
2025-07-17 09:58:31,480 - INFO - ✓ 成功下载: 2024-07-02_00081-截至2024年6月30日止之股份發行人的證券變動月報表.pdf
2025-07-17 09:58:32,486 - INFO - 正在下载 (70/105) [10000_公告及通告/14700_股东周年大会结果]: 二零二四年六月二十四日舉行的股東週年大會－投票結果
2025-07-17 09:58:32,869 - INFO - ✓ 成功下载: 2024-06-24_00081-二零二四年六月二十四日舉行的股東週年大會－投票結果.pdf
2025-07-17 09:58:33,874 - INFO - 正在下载 (71/105) [99_其他/其他]: 二零二四年五月份的未經審核營運數據
2025-07-17 09:58:34,038 - INFO - ✓ 成功下载: 2024-06-06_00081-二零二四年五月份的未經審核營運數據.pdf
2025-07-17 09:58:35,039 - INFO - 正在下载 (72/105) [10000_公告及通告/18300_发行可转换证券]: 截至2024年5月31日止之股份發行人的證券變動月報表
2025-07-17 09:58:35,244 - INFO - ✓ 成功下载: 2024-06-03_00081-截至2024年5月31日止之股份發行人的證券變動月報表.pdf
2025-07-17 09:58:36,250 - INFO - 正在下载 (73/105) [10000_公告及通告/11200_关连交易]: 關連交易 - 收購各項目公司的49%股權
2025-07-17 09:58:36,439 - INFO - ✓ 成功下载: 2024-05-28_00081-關連交易 - 收購各項目公司的49%股權.pdf
2025-07-17 09:58:37,441 - INFO - 正在下载 (74/105) [99_其他/其他]: 二零二四年四月份的未經審核營運數據
2025-07-17 09:58:37,586 - INFO - ✓ 成功下载: 2024-05-07_00081-二零二四年四月份的未經審核營運數據.pdf
2025-07-17 09:58:38,591 - INFO - 正在下载 (75/105) [10000_公告及通告/18300_发行可转换证券]: 截至2024年4月30日止之股份發行人的證券變動月報表
2025-07-17 09:58:38,835 - INFO - ✓ 成功下载: 2024-05-02_00081-截至2024年4月30日止之股份發行人的證券變動月報表.pdf
2025-07-17 09:58:39,839 - INFO - 正在下载 (76/105) [10000_公告及通告/17250_股东抵押股份]: 致非登記股東之通知信函及回條
2025-07-17 09:58:40,003 - INFO - ✓ 成功下载: 2024-04-29_00081-致非登記股東之通知信函及回條.pdf
2025-07-17 09:58:41,008 - INFO - 正在下载 (77/105) [10000_公告及通告/17250_股东抵押股份]: 致登記股東之通知信函及回條
2025-07-17 09:58:41,249 - INFO - ✓ 成功下载: 2024-04-29_00081-致登記股東之通知信函及回條.pdf
2025-07-17 09:58:42,256 - INFO - 正在下载 (78/105) [10000_公告及通告/12350_更换董事]: 代表委任表格
2025-07-17 09:58:42,482 - INFO - ✓ 成功下载: 2024-04-29_00081-代表委任表格.pdf
2025-07-17 09:58:43,487 - INFO - 正在下载 (79/105) [10000_公告及通告/14400_股东周年大会通告]: 股東週年大會通告
2025-07-17 09:58:43,654 - INFO - ✓ 成功下载: 2024-04-29_00081-股東週年大會通告.pdf
2025-07-17 09:58:44,659 - INFO - 正在下载 (80/105) [10000_公告及通告/12350_更换董事]: 建議重選退任董事、更換核數師、購回股份及發行股份之一般授權及股東週年大會通告
2025-07-17 09:58:44,859 - INFO - ✓ 成功下载: 2024-04-29_00081-建議重選退任董事、更換核數師、購回股份及發行股份之一般授權及股東週年大會通告.pdf
2025-07-17 09:58:45,865 - INFO - 正在下载 (81/105) [10000_公告及通告/11200_关连交易]: 持續關連交易 - 重續有關監理服務的現有框架協議
2025-07-17 09:58:46,218 - INFO - ✓ 成功下载: 2024-04-26_00081-持續關連交易 - 重續有關監理服務的現有框架協議.pdf
2025-07-17 09:58:47,222 - INFO - 正在下载 (82/105) [70000_债券结构性产品/72920_结构性产品发行人财务披露]: 2023環境、社會及管治報告
2025-07-17 09:58:48,068 - INFO - ✓ 成功下载: 2024-04-22_00081-2023環境、社會及管治報告.pdf
2025-07-17 09:58:49,070 - INFO - 正在下载 (83/105) [10000_公告及通告/17250_股东抵押股份]: 致非登記股東之通知信函及回條
2025-07-17 09:58:49,251 - INFO - ✓ 成功下载: 2024-04-22_00081-致非登記股東之通知信函及回條.pdf
2025-07-17 09:58:50,253 - INFO - 正在下载 (84/105) [10000_公告及通告/17250_股东抵押股份]: 致登記股東之通知信函及回條
2025-07-17 09:58:50,413 - INFO - ✓ 成功下载: 2024-04-22_00081-致登記股東之通知信函及回條.pdf
2025-07-17 09:58:51,415 - INFO - 正在下载 (85/105) [99_其他/其他]: 二零二三年年報
2025-07-17 09:58:51,820 - INFO - ✓ 成功下载: 2024-04-22_00081-二零二三年年報.pdf
2025-07-17 09:58:52,822 - INFO - 创建分类目录: C:/Users/Administrator/Desktop\HKEX\00081\10000_公告及通告\12951_更换行政总裁
2025-07-17 09:58:52,822 - INFO - 正在下载 (86/105) [10000_公告及通告/12951_更换行政总裁]: 建議更換核數師
2025-07-17 09:58:52,966 - INFO - ✓ 成功下载: 2024-04-22_00081-建議更換核數師.pdf
2025-07-17 09:58:53,968 - INFO - 正在下载 (87/105) [10000_公告及通告/12350_更换董事]: 董事名單與其角色和職能
2025-07-17 09:58:54,104 - INFO - ✓ 成功下载: 2024-04-22_00081-董事名單與其角色和職能.pdf
2025-07-17 09:58:55,106 - INFO - 正在下载 (88/105) [10000_公告及通告/12350_更换董事]: 非執行董事的變更
2025-07-17 09:58:55,336 - INFO - ✓ 成功下载: 2024-04-22_00081-非執行董事的變更.pdf
2025-07-17 09:58:56,340 - INFO - 正在下载 (89/105) [99_其他/其他]: 二零二四年第一季度財務及業務回顧
2025-07-17 09:58:56,707 - INFO - ✓ 成功下载: 2024-04-22_00081-二零二四年第一季度財務及業務回顧.pdf
2025-07-17 09:58:57,870 - INFO - 正在下载 (90/105) [99_其他/其他]: 二零二四年三月份的未經審核營運數據
2025-07-17 11:02:37,015 - INFO - 成功连接到数据库: localhost:3306/ccass
2025-07-17 11:02:37,015 - INFO - 数据库连接测试成功
2025-07-17 11:02:37,015 - INFO - 数据库连接已断开
2025-07-17 13:21:43,792 - INFO - 刷新数据库连接...
2025-07-17 13:21:43,796 - INFO - 成功连接到数据库: localhost:3306/ccass
2025-07-17 13:21:43,805 - INFO - SQL查询成功，返回 2343 条记录
2025-07-17 13:21:43,806 - INFO - 从数据库获取到 2343 个有效股票代码
2025-07-17 13:21:43,806 - INFO - 数据库连接已断开
2025-07-17 13:21:43,806 - INFO - 从数据库获取到 2343 个活跃股票代码
2025-07-17 13:21:43,806 - INFO - 股票列表预览: 00004, 00071, 00017, 00301, 00066, 00020, 00016, 00097, 00011, 00164...
2025-07-17 13:21:43,806 - INFO - 开始处理第 1/47 批股票 (50 个)
2025-07-17 13:21:43,806 - INFO - [1/2343] 处理股票: 00004
2025-07-17 13:21:43,808 - INFO - 开始下载任务: 数据库活跃股票任务
2025-07-17 13:21:43,808 - INFO - 股票代码: 00004, 日期范围: 2024-01-01 至 2025-07-17
2025-07-17 13:21:44,525 - INFO - 股票代码 00004 对应的 StockID: 4
2025-07-17 13:21:44,525 - INFO - 搜索URL: https://www1.hkexnews.hk/search/titleSearchServlet.do?sortDir=0&sortByOptions=DateTime&category=0&market=SEHK&stockId=4&documentType=-1&fromDate=20240101&toDate=20250717&title=&searchType=0&t1code=-2&t2Gcode=-2&t2code=-2&rowRange=500&lang=zh
2025-07-17 13:21:45,071 - INFO - 找到 58 个符合条件的公告
2025-07-17 13:21:45,072 - INFO - 创建保存目录: C:/Users/Administrator/Desktop\HKEX\00004
2025-07-17 13:21:45,122 - INFO - 公告分类统计: {'10000_公告及通告/18300_发行可转换证券': 19, '10000_公告及通告/12350_更换董事': 8, '10000_公告及通告/14700_股东周年大会结果': 2, '70000_债券结构性产品/72920_结构性产品发行人财务披露': 11, '10000_公告及通告/14400_股东周年大会通告': 2, '99_其他/其他': 3, '10000_公告及通告/13250_股息或分派': 5, '10000_公告及通告/12961_更换提名委员会成员': 1, '10000_公告及通告/13200_延迟发表业绩公告': 3, '10000_公告及通告/17250_股东抵押股份': 3, '10000_公告及通告/13500_盈利警告': 1}
2025-07-17 13:21:45,123 - INFO - 创建分类目录: C:/Users/Administrator/Desktop\HKEX\00004\10000_公告及通告\18300_发行可转换证券
2025-07-17 13:21:45,124 - INFO - 正在下载 (1/58) [10000_公告及通告/18300_发行可转换证券]: 截至2025年6月30日的股份發行人的證券變動月報表
2025-07-17 16:35:40,550 - INFO - 开始下载任务: 默认下载任务
2025-07-17 16:35:40,550 - INFO - 股票代码: ['01765', '00328', '02459', '08006', '01679', '00804', '00094', '02440', '01745', '00673', '08516', '00943', '00204', '00103', '00339', '00205', '01486', '00200', '00653', '02425', '02340', '08547', '08143', '01715', '00362', '08028', '00164', '08623', '01529', '08401', '01778', '01718', '08120', '01380', '08456', '01850', '08125', '01143', '01025', '02699', '06128', '01327', '00223', '01355', '01822', '00601', '08007', '06908', '00036', '01129', '01628', '01029', '08087', '01676', '01468', '00616', '08113', '08179', '00745', '02680', '00639', '08365', '06829', '00727', '08275', '01396', '02339', '08223', '00707', '00163', '08426', '08072', '01865', '01872', '08326', '08153', '08219', '00476', '08537', '01906', '01208', '08500', '08196', '01010', '08160', '08030', '00582', '00905', '00197', '02330', '08340', '01421', '00286', '02448', '02135', '08460', '08121', '01315', '01991', '08148', '01160', '08293', '00145', '01871', '02363', '01239', '08631', '06696', '01323', '01389', '08029', '08018', '02312', '01673', '02708', '08472', '08282', '08491', '03638', '00576', '02422', '00290', '08448', '00073', '08001', '08079', '08186', '00227', '03313', '00370', '01949', '08096', '08232', '00261', '02048', '00572', '02016', '01201', '08133', '08511', '08431', '08187', '03893', '00527', '00383', '00372', '00123', '08317', '03868', '01854', '08052', '01751', '00665', '00482', '03919', '08428', '01950', '00592', '00823', '02623', '08606', '08363', '08412', '01683', '01115', '01808', '01912', '00488', '00191', '00599', '08430', '00122', '01094', '00524', '00630', '00575', '00704', '01626', '08328', '01559', '00399', '00917', '09636', '00254', '02586', '00815', '06855', '02432', '01520', '08198', '02159', '08283', '02225', '02598', '01274', '00329', '00620', '02616', '00959', '01091', '00243', '00809', '00994', '02157', '01918', '01159', '00381', '02431', '02503', '08635', '09986', '01942', '01611', '02562', '02511', '01801', '06936', '06060', '08172', '02012', '08017', '08191', '01909', '00377', '02550', '01783', '00456', '00767', '08308', '01877', '00990', '01967', '00770', '09660', '00854', '02246', '08536', '02162', '08246', '00931', '02465', '06990', '01920', '06955', '08237', '00863', '08493', '02255', '02453', '00769', '03738', '08403', '00428', '08455', '02297', '01247', '08471', '09995', '02149', '00899', '02127', '02521', '01119', '02252', '06069', '03681', '08446', '02211', '03666', '09985', '06181', '00613', '08176', '09860', '00030', '03623', '00264', '03680', '06610', '03390', '01011', '08163', '02522', '01723', '00544', '03896', '02367', '00970', '00464', '00995', '02309', '01643', '01693', '08189', '00340', '00484', '08619', '01810', '01818', '02142', '08292', '01466', '01782', '01870', '02362', '08645', '09958', '08482', '03311', '03330', '02429', '01575', '00515', '01211', '06660', '02498', '01762', '02556', '08195', '00875', '09880', '08093', '02533', '02228', '02342', '00471', '01368', '00400', '01020', '06682', '00274', '00193', '00136', '01636', '02098', '01728', '08107', '08320', '01232', '00209', '01059', '08391', '00632', '09669', '08316', '00689', '00451', '01163', '00887', '00110', '01427', '01748', '09923', '08611', '00092', '03708', '08162', '02212', '08262', '08622', '01253', '08026', '00206', '08657', '01252', '02276', '02399', '06680', '03889', '03800', '01007', '01907', '08213', '08613', '01825', '08168', '00033', '00020', '02322', '08115', '08406', '06880', '01372', '00711', '00755', '08297', '00810', '01541', '02105', '09933', '08305', '08367', '02147', '08238', '08178', '01613', '00167', '01632', '09608', '08510', '08337', '00836', '08360', '02051', '08370', '01725', '08137', '09885', '00302', '09926', '06878', '01536', '08475', '06998', '08333', '00913', '08051', '08612', '02257', '01341', '00776', '00245', '00058', '01303', '01802', '03939', '09960', '03321', '00526', '00720', '08385', '00789', '01069', '01280', '08221', '08646', '08350', '02110', '08532', '08268', '02350', '01477', '02347', '01084', '01821', '01413', '01640', '08193', '08037', '08513', '08056', '00508', '00712', '08427', '08523', '01150', '00834', '01931', '02368', '02899', '01176', '08156', '00648', '02433', '01732', '01171', '00493', '00723', '00554', '01894', '01137', '01747', '08035', '00195', '01712', '01948', '01939', '00357', '09666', '01428', '00768', '06113', '01943', '03626', '01985', '06877', '01863', '01102', '01833', '06808', '08310', '02003', '09900', '08375', '01145', '01310', '01250', '01153', '08450', '08181', '01899', '01682', '00784', '08080', '08425', '03928', '06623', '00812', '03389', '00969', '00389', '00906', '00468', '00007', '01402', '06928', '08373', '08362', '08070', '00416', '08356', '00115', '03331', '08519', '03816', '01028', '03963', '01796', '08300', '02226', '01780', '08131', '08295', '01869', '02882', '00659', '03608', '02188', '03948', '02278', '01481', '02360', '00278', '08402', '00924', '00211', '06669', '08496', '09977', '00643', '02289', '01580', '00952', '01383', '08229', '01989', '00510', '01440', '00709', '00273', '08039', '08495', '02718', '03718', '01533', '01729', '01961', '02086', '01719', '02310', '01703', '08173', '01097', '02107', '01717', '00935', '00442', '00948', '06161', '01589', '00068', '00636', '01450', '00378', '00100', '00410', '01620', '01826', '03860', '00936', '01867', '01649', '08349', '01726', '01583', '02606', '01743', '03992', '00683', '06188', '01158', '01415', '03300'], 日期范围: 2024-01-01 至 2025-07-17
2025-07-17 16:35:40,774 - WARNING - 获取股票信息失败，第 1 次重试: Expecting value: line 1 column 1 (char 0)
2025-07-17 16:35:43,102 - WARNING - 获取股票信息失败，第 2 次重试: Expecting value: line 1 column 1 (char 0)
